# JRE version: OpenJDK Runtime Environment Temurin-21.0.10+7 (21.0.10+7) (build 21.0.10+7-LTS)
# Java VM: OpenJDK 64-Bit Server VM Temurin-21.0.10+7 (21.0.10+7-LTS, mixed mode, sharing, tiered, compressed oops, compressed class ptrs, parallel gc, windows-amd64)
GC Precious Log:
 CardTable entry size: 512
 CPUs: 4 total, 4 available
 Memory: 3895M
 Large Page Support: Disabled
 NUMA Support: Disabled
 Compressed Oops: Enabled (32-bit)
 Alignments: Space 512K, Generation 512K, Heap 2M
 Heap Min Capacity: 100M
 Heap Initial Capacity: 100M
 Heap Max Capacity: 2G
 Pre-touch: Disabled
 Parallel Workers: 4
Heap:
 PSYoungGen      total 1536K, used 544K [0x00000000d5580000, 0x00000000d5800000, 0x0000000100000000)
  eden space 1024K, 37% used [0x00000000d5580000,0x00000000d55e0178,0x00000000d5680000)
  from space 512K, 31% used [0x00000000d5780000,0x00000000d57a8000,0x00000000d5800000)
  to   space 512K, 0% used [0x00000000d5700000,0x00000000d5700000,0x00000000d5780000)
 ParOldGen       total 307200K, used 307061K [0x0000000080000000, 0x0000000092c00000, 0x00000000d5580000)
  object space 307200K, 99% used [0x0000000080000000,0x0000000092bdd780,0x0000000092c00000)
 Metaspace       used 32701K, committed 33984K, reserved 1114112K
  class space    used 3198K, committed 3712K, reserved 1048576K
GC Heap History (20 events):
Event: 1411.192 GC heap before
{Heap before GC invocations=430 (full 1):
 PSYoungGen      total 1536K, used 1512K [0x00000000d5580000, 0x00000000d5b00000, 0x0000000100000000)
  eden space 1024K, 98% used [0x00000000d5580000,0x00000000d567cf40,0x00000000d5680000)
  from space 512K, 97% used [0x00000000d5880000,0x00000000d58fd180,0x00000000d5900000)
  to   space 2048K, 0% used [0x00000000d5680000,0x00000000d5680000,0x00000000d5880000)
 ParOldGen       total 300032K, used 299354K [0x0000000080000000, 0x0000000092500000, 0x00000000d5580000)
  object space 300032K, 99% used [0x0000000080000000,0x00000000924569d0,0x0000000092500000)
 Metaspace       used 32675K, committed 33984K, reserved 1114112K
  class space    used 3197K, committed 3712K, reserved 1048576K
}
Event: 1411.196 GC heap after
{Heap after GC invocations=430 (full 1):
 PSYoungGen      total 2048K, used 783K [0x00000000d5580000, 0x00000000d5980000, 0x0000000100000000)
  eden space 1024K, 0% used [0x00000000d5580000,0x00000000d5580000,0x00000000d5680000)
  from space 1024K, 76% used [0x00000000d5680000,0x00000000d5743f50,0x00000000d5780000)
  to   space 1536K, 0% used [0x00000000d5800000,0x00000000d5800000,0x00000000d5980000)
 ParOldGen       total 300032K, used 299855K [0x0000000080000000, 0x0000000092500000, 0x00000000d5580000)
  object space 300032K, 99% used [0x0000000080000000,0x00000000924d3e38,0x0000000092500000)
 Metaspace       used 32675K, committed 33984K, reserved 1114112K
  class space    used 3197K, committed 3712K, reserved 1048576K
}
Event: 1411.231 GC heap before
{Heap before GC invocations=431 (full 1):
 PSYoungGen      total 2048K, used 1794K [0x00000000d5580000, 0x00000000d5980000, 0x0000000100000000)
  eden space 1024K, 98% used [0x00000000d5580000,0x00000000d567c948,0x00000000d5680000)
  from space 1024K, 76% used [0x00000000d5680000,0x00000000d5743f50,0x00000000d5780000)
  to   space 1536K, 0% used [0x00000000d5800000,0x00000000d5800000,0x00000000d5980000)
 ParOldGen       total 300032K, used 299855K [0x0000000080000000, 0x0000000092500000, 0x00000000d5580000)
  object space 300032K, 99% used [0x0000000080000000,0x00000000924d3e38,0x0000000092500000)
 Metaspace       used 32675K, committed 33984K, reserved 1114112K
  class space    used 3197K, committed 3712K, reserved 1048576K
}
Event: 1411.232 GC heap after
{Heap after GC invocations=431 (full 1):
 PSYoungGen      total 2048K, used 835K [0x00000000d5580000, 0x00000000d5900000, 0x0000000100000000)
  eden space 1024K, 0% used [0x00000000d5580000,0x00000000d5580000,0x00000000d5680000)
  from space 1024K, 81% used [0x00000000d5800000,0x00000000d58d0ec8,0x00000000d5900000)
  to   space 1024K, 0% used [0x00000000d5680000,0x00000000d5680000,0x00000000d5780000)
 ParOldGen       total 301056K, used 300573K [0x0000000080000000, 0x0000000092600000, 0x00000000d5580000)
  object space 301056K, 99% used [0x0000000080000000,0x0000000092587788,0x0000000092600000)
 Metaspace       used 32675K, committed 33984K, reserved 1114112K
  class space    used 3197K, committed 3712K, reserved 1048576K
}
Event: 1411.243 GC heap before
{Heap before GC invocations=432 (full 1):
 PSYoungGen      total 2048K, used 1859K [0x00000000d5580000, 0x00000000d5900000, 0x0000000100000000)
  eden space 1024K, 99% used [0x00000000d5580000,0x00000000d567ff20,0x00000000d5680000)
  from space 1024K, 81% used [0x00000000d5800000,0x00000000d58d0ec8,0x00000000d5900000)
  to   space 1024K, 0% used [0x00000000d5680000,0x00000000d5680000,0x00000000d5780000)
 ParOldGen       total 301056K, used 300573K [0x0000000080000000, 0x0000000092600000, 0x00000000d5580000)
  object space 301056K, 99% used [0x0000000080000000,0x0000000092587788,0x0000000092600000)
 Metaspace       used 32675K, committed 33984K, reserved 1114112K
  class space    used 3197K, committed 3712K, reserved 1048576K
}
Event: 1411.246 GC heap after
{Heap after GC invocations=432 (full 1):
 PSYoungGen      total 2048K, used 975K [0x00000000d5580000, 0x00000000d5880000, 0x0000000100000000)
  eden space 1024K, 0% used [0x00000000d5580000,0x00000000d5580000,0x00000000d5680000)
  from space 1024K, 95% used [0x00000000d5680000,0x00000000d5773d70,0x00000000d5780000)
  to   space 1024K, 0% used [0x00000000d5780000,0x00000000d5780000,0x00000000d5880000)
 ParOldGen       total 301568K, used 301402K [0x0000000080000000, 0x0000000092680000, 0x00000000d5580000)
  object space 301568K, 99% used [0x0000000080000000,0x0000000092656948,0x0000000092680000)
 Metaspace       used 32675K, committed 33984K, reserved 1114112K
  class space    used 3197K, committed 3712K, reserved 1048576K
}
Event: 1411.276 GC heap before
{Heap before GC invocations=433 (full 1):
 PSYoungGen      total 2048K, used 1999K [0x00000000d5580000, 0x00000000d5880000, 0x0000000100000000)
  eden space 1024K, 100% used [0x00000000d5580000,0x00000000d5680000,0x00000000d5680000)
  from space 1024K, 95% used [0x00000000d5680000,0x00000000d5773d70,0x00000000d5780000)
  to   space 1024K, 0% used [0x00000000d5780000,0x00000000d5780000,0x00000000d5880000)
 ParOldGen       total 301568K, used 301402K [0x0000000080000000, 0x0000000092680000, 0x00000000d5580000)
  object space 301568K, 99% used [0x0000000080000000,0x0000000092656948,0x0000000092680000)
 Metaspace       used 32675K, committed 33984K, reserved 1114112K
  class space    used 3197K, committed 3712K, reserved 1048576K
}
Event: 1411.280 GC heap after
{Heap after GC invocations=433 (full 1):
 PSYoungGen      total 2048K, used 863K [0x00000000d5580000, 0x00000000d5880000, 0x0000000100000000)
  eden space 1024K, 0% used [0x00000000d5580000,0x00000000d5580000,0x00000000d5680000)
  from space 1024K, 84% used [0x00000000d5780000,0x00000000d5857ec0,0x00000000d5880000)
  to   space 1024K, 0% used [0x00000000d5680000,0x00000000d5680000,0x00000000d5780000)
 ParOldGen       total 302592K, used 302319K [0x0000000080000000, 0x0000000092780000, 0x00000000d5580000)
  object space 302592K, 99% used [0x0000000080000000,0x000000009273bfd8,0x0000000092780000)
 Metaspace       used 32675K, committed 33984K, reserved 1114112K
  class space    used 3197K, committed 3712K, reserved 1048576K
}
Event: 1411.331 GC heap before
{Heap before GC invocations=434 (full 1):
 PSYoungGen      total 2048K, used 1881K [0x00000000d5580000, 0x00000000d5880000, 0x0000000100000000)
  eden space 1024K, 99% used [0x00000000d5580000,0x00000000d567e638,0x00000000d5680000)
  from space 1024K, 84% used [0x00000000d5780000,0x00000000d5857ec0,0x00000000d5880000)
  to   space 1024K, 0% used [0x00000000d5680000,0x00000000d5680000,0x00000000d5780000)
 ParOldGen       total 302592K, used 302319K [0x0000000080000000, 0x0000000092780000, 0x00000000d5580000)
  object space 302592K, 99% used [0x0000000080000000,0x000000009273bfd8,0x0000000092780000)
 Metaspace       used 32675K, committed 33984K, reserved 1114112K
  class space    used 3197K, committed 3712K, reserved 1048576K
}
Event: 1411.333 GC heap after
{Heap after GC invocations=434 (full 1):
 PSYoungGen      total 2048K, used 803K [0x00000000d5580000, 0x00000000d5880000, 0x0000000100000000)
  eden space 1024K, 0% used [0x00000000d5580000,0x00000000d5580000,0x00000000d5680000)
  from space 1024K, 78% used [0x00000000d5680000,0x00000000d5748de8,0x00000000d5780000)
  to   space 1024K, 0% used [0x00000000d5780000,0x00000000d5780000,0x00000000d5880000)
 ParOldGen       total 303616K, used 303113K [0x0000000080000000, 0x0000000092880000, 0x00000000d5580000)
  object space 303616K, 99% used [0x0000000080000000,0x0000000092802688,0x0000000092880000)
 Metaspace       used 32675K, committed 33984K, reserved 1114112K
  class space    used 3197K, committed 3712K, reserved 1048576K
}
Event: 1411.364 GC heap before
{Heap before GC invocations=435 (full 1):
 PSYoungGen      total 2048K, used 1775K [0x00000000d5580000, 0x00000000d5880000, 0x0000000100000000)
  eden space 1024K, 94% used [0x00000000d5580000,0x00000000d5672ec0,0x00000000d5680000)
  from space 1024K, 78% used [0x00000000d5680000,0x00000000d5748de8,0x00000000d5780000)
  to   space 1024K, 0% used [0x00000000d5780000,0x00000000d5780000,0x00000000d5880000)
 ParOldGen       total 304640K, used 303720K [0x0000000080000000, 0x0000000092980000, 0x00000000d5580000)
  object space 304640K, 99% used [0x0000000080000000,0x000000009289a328,0x0000000092980000)
 Metaspace       used 32675K, committed 33984K, reserved 1114112K
  class space    used 3197K, committed 3712K, reserved 1048576K
}
Event: 1411.366 GC heap after
{Heap after GC invocations=435 (full 1):
 PSYoungGen      total 2048K, used 871K [0x00000000d5580000, 0x00000000d5880000, 0x0000000100000000)
  eden space 1024K, 0% used [0x00000000d5580000,0x00000000d5580000,0x00000000d5680000)
  from space 1024K, 85% used [0x00000000d5780000,0x00000000d5859c80,0x00000000d5880000)
  to   space 1024K, 0% used [0x00000000d5680000,0x00000000d5680000,0x00000000d5780000)
 ParOldGen       total 304640K, used 304490K [0x0000000080000000, 0x0000000092980000, 0x00000000d5580000)
  object space 304640K, 99% used [0x0000000080000000,0x000000009295a918,0x0000000092980000)
 Metaspace       used 32675K, committed 33984K, reserved 1114112K
  class space    used 3197K, committed 3712K, reserved 1048576K
}
Event: 1411.387 GC heap before
{Heap before GC invocations=436 (full 1):
 PSYoungGen      total 2048K, used 1872K [0x00000000d5580000, 0x00000000d5880000, 0x0000000100000000)
  eden space 1024K, 97% used [0x00000000d5580000,0x00000000d567a628,0x00000000d5680000)
  from space 1024K, 85% used [0x00000000d5780000,0x00000000d5859c80,0x00000000d5880000)
  to   space 1024K, 0% used [0x00000000d5680000,0x00000000d5680000,0x00000000d5780000)
 ParOldGen       total 304640K, used 304490K [0x0000000080000000, 0x0000000092980000, 0x00000000d5580000)
  object space 304640K, 99% used [0x0000000080000000,0x000000009295a918,0x0000000092980000)
 Metaspace       used 32675K, committed 33984K, reserved 1114112K
  class space    used 3197K, committed 3712K, reserved 1048576K
}
Event: 1411.388 GC heap after
{Heap after GC invocations=436 (full 1):
 PSYoungGen      total 2048K, used 738K [0x00000000d5580000, 0x00000000d5880000, 0x0000000100000000)
  eden space 1024K, 0% used [0x00000000d5580000,0x00000000d5580000,0x00000000d5680000)
  from space 1024K, 72% used [0x00000000d5680000,0x00000000d5738b70,0x00000000d5780000)
  to   space 1024K, 0% used [0x00000000d5780000,0x00000000d5780000,0x00000000d5880000)
 ParOldGen       total 305664K, used 305290K [0x0000000080000000, 0x0000000092a80000, 0x00000000d5580000)
  object space 305664K, 99% used [0x0000000080000000,0x0000000092a229c8,0x0000000092a80000)
 Metaspace       used 32675K, committed 33984K, reserved 1114112K
  class space    used 3197K, committed 3712K, reserved 1048576K
}
Event: 1411.576 GC heap before
{Heap before GC invocations=437 (full 1):
 PSYoungGen      total 2048K, used 1762K [0x00000000d5580000, 0x00000000d5880000, 0x0000000100000000)
  eden space 1024K, 100% used [0x00000000d5580000,0x00000000d5680000,0x00000000d5680000)
  from space 1024K, 72% used [0x00000000d5680000,0x00000000d5738b70,0x00000000d5780000)
  to   space 1024K, 0% used [0x00000000d5780000,0x00000000d5780000,0x00000000d5880000)
 ParOldGen       total 305664K, used 305290K [0x0000000080000000, 0x0000000092a80000, 0x00000000d5580000)
  object space 305664K, 99% used [0x0000000080000000,0x0000000092a229c8,0x0000000092a80000)
 Metaspace       used 32680K, committed 33984K, reserved 1114112K
  class space    used 3197K, committed 3712K, reserved 1048576K
}
Event: 1411.583 GC heap after
{Heap after GC invocations=437 (full 1):
 PSYoungGen      total 2048K, used 801K [0x00000000d5580000, 0x00000000d5880000, 0x0000000100000000)
  eden space 1024K, 0% used [0x00000000d5580000,0x00000000d5580000,0x00000000d5680000)
  from space 1024K, 78% used [0x00000000d5780000,0x00000000d5848438,0x00000000d5880000)
  to   space 1024K, 0% used [0x00000000d5680000,0x00000000d5680000,0x00000000d5780000)
 ParOldGen       total 306176K, used 305969K [0x0000000080000000, 0x0000000092b00000, 0x00000000d5580000)
  object space 306176K, 99% used [0x0000000080000000,0x0000000092acc410,0x0000000092b00000)
 Metaspace       used 32680K, committed 33984K, reserved 1114112K
  class space    used 3197K, committed 3712K, reserved 1048576K
}
Event: 1411.620 GC heap before
{Heap before GC invocations=438 (full 1):
 PSYoungGen      total 2048K, used 1796K [0x00000000d5580000, 0x00000000d5880000, 0x0000000100000000)
  eden space 1024K, 97% used [0x00000000d5580000,0x00000000d5678f08,0x00000000d5680000)
  from space 1024K, 78% used [0x00000000d5780000,0x00000000d5848438,0x00000000d5880000)
  to   space 1024K, 0% used [0x00000000d5680000,0x00000000d5680000,0x00000000d5780000)
 ParOldGen       total 306176K, used 305969K [0x0000000080000000, 0x0000000092b00000, 0x00000000d5580000)
  object space 306176K, 99% used [0x0000000080000000,0x0000000092acc410,0x0000000092b00000)
 Metaspace       used 32686K, committed 33984K, reserved 1114112K
  class space    used 3197K, committed 3712K, reserved 1048576K
}
Event: 1411.623 GC heap after
{Heap after GC invocations=438 (full 1):
 PSYoungGen      total 2048K, used 416K [0x00000000d5580000, 0x00000000d5880000, 0x0000000100000000)
  eden space 1024K, 0% used [0x00000000d5580000,0x00000000d5580000,0x00000000d5680000)
  from space 1024K, 40% used [0x00000000d5680000,0x00000000d56e8000,0x00000000d5780000)
  to   space 1024K, 0% used [0x00000000d5780000,0x00000000d5780000,0x00000000d5880000)
 ParOldGen       total 307200K, used 306711K [0x0000000080000000, 0x0000000092c00000, 0x00000000d5580000)
  object space 307200K, 99% used [0x0000000080000000,0x0000000092b85d10,0x0000000092c00000)
 Metaspace       used 32686K, committed 33984K, reserved 1114112K
  class space    used 3197K, committed 3712K, reserved 1048576K
}
Event: 1970.110 GC heap before
{Heap before GC invocations=439 (full 1):
 PSYoungGen      total 2048K, used 1439K [0x00000000d5580000, 0x00000000d5880000, 0x0000000100000000)
  eden space 1024K, 99% used [0x00000000d5580000,0x00000000d567fff0,0x00000000d5680000)
  from space 1024K, 40% used [0x00000000d5680000,0x00000000d56e8000,0x00000000d5780000)
  to   space 1024K, 0% used [0x00000000d5780000,0x00000000d5780000,0x00000000d5880000)
 ParOldGen       total 307200K, used 306711K [0x0000000080000000, 0x0000000092c00000, 0x00000000d5580000)
  object space 307200K, 99% used [0x0000000080000000,0x0000000092b85d10,0x0000000092c00000)
 Metaspace       used 32691K, committed 33984K, reserved 1114112K
  class space    used 3198K, committed 3712K, reserved 1048576K
}
Event: 1970.356 GC heap after
{Heap after GC invocations=439 (full 1):
 PSYoungGen      total 1536K, used 160K [0x00000000d5580000, 0x00000000d5800000, 0x0000000100000000)
  eden space 1024K, 0% used [0x00000000d5580000,0x00000000d5580000,0x00000000d5680000)
  from space 512K, 31% used [0x00000000d5780000,0x00000000d57a8000,0x00000000d5800000)
  to   space 512K, 0% used [0x00000000d5700000,0x00000000d5700000,0x00000000d5780000)
 ParOldGen       total 307200K, used 307061K [0x0000000080000000, 0x0000000092c00000, 0x00000000d5580000)
  object space 307200K, 99% used [0x0000000080000000,0x0000000092bdd780,0x0000000092c00000)
 Metaspace       used 32691K, committed 33984K, reserved 1114112K
  class space    used 3198K, committed 3712K, reserved 1048576K
}

